<?xml version="1.0" encoding="utf-8"?><testsuites name="pytest tests"><testsuite name="pytest" errors="0" failures="0" skipped="0" tests="15" time="51.306" timestamp="2026-04-10T03:37:04.384728+00:00" hostname="agent-env-53398ffc-c1cd-494f-ae65-d8379d48ad29"><testcase classname="backend.tests.test_drugkg_api.TestHealthEndpoint" name="test_health_check" time="8.604" /><testcase classname="backend.tests.test_drugkg_api.TestAuthEndpoints" name="test_admin_login_success" time="0.365" /><testcase classname="backend.tests.test_drugkg_api.TestAuthEndpoints" name="test_login_invalid_credentials" time="0.341" /><testcase classname="backend.tests.test_drugkg_api.TestAuthEndpoints" name="test_get_me_authenticated" time="0.468" /><testcase classname="backend.tests.test_drugkg_api.TestAuthEndpoints" name="test_get_me_unauthenticated" time="0.103" /><testcase classname="backend.tests.test_drugkg_api.TestChatEndpoint" name="test_chat_endpoint_basic" time="7.869" /><testcase classname="backend.tests.test_drugkg_api.TestChatEndpoint" name="test_chat_endpoint_with_history" time="12.691" /><testcase classname="backend.tests.test_drugkg_api.TestChatEndpoint" name="test_chat_endpoint_drug_interaction_query" time="13.438" /><testcase classname="backend.tests.test_drugkg_api.TestGenerationsEndpoint" name="test_get_my_generations_authenticated" time="0.555" /><testcase classname="backend.tests.test_drugkg_api.TestGenerationsEndpoint" name="test_get_my_generations_unauthenticated" time="0.108" /><testcase classname="backend.tests.test_drugkg_api.TestGenerationsEndpoint" name="test_export_generations" time="0.461" /><testcase classname="backend.tests.test_drugkg_api.TestAdminEndpoints" name="test_admin_stats" time="1.435" /><testcase classname="backend.tests.test_drugkg_api.TestAdminEndpoints" name="test_admin_users_list" time="0.435" /><testcase classname="backend.tests.test_drugkg_api.TestAdminEndpoints" name="test_admin_recent_generations" time="0.436" /><testcase classname="backend.tests.test_drugkg_api.TestGenerateEndpoint" name="test_generate_text" time="3.915" /></testsuite></testsuites>